This is pdfTeX, Version 3.14159265-2.6-1.40.17 (TeX Live 2016/Debian) (preloaded format=pdflatex 2017.9.23)  23 SEP 2017 20:49
entering extended mode
 restricted \write18 enabled.
 %&-line parsing enabled.
**tiposProps.tex
(./tiposProps.tex
LaTeX2e <2017/01/01> patch level 3
Babel <3.9r> and hyphenation patterns for 35 language(s) loaded.
(/usr/share/texlive/texmf-dist/tex/latex/base/article.cls
Document Class: article 2014/09/29 v1.4h Standard LaTeX document class
(/usr/share/texlive/texmf-dist/tex/latex/base/size10.clo
File: size10.clo 2014/09/29 v1.4h Standard LaTeX file (size option)
)
\c@part=\count79
\c@section=\count80
\c@subsection=\count81
\c@subsubsection=\count82
\c@paragraph=\count83
\c@subparagraph=\count84
\c@figure=\count85
\c@table=\count86
\abovecaptionskip=\skip41
\belowcaptionskip=\skip42
\bibindent=\dimen102
)
(/usr/share/texlive/texmf-dist/tex/latex/base/inputenc.sty
Package: inputenc 2015/03/17 v1.2c Input encoding file
\inpenc@prehook=\toks14
\inpenc@posthook=\toks15

(/usr/share/texlive/texmf-dist/tex/latex/base/utf8.def
File: utf8.def 2017/01/28 v1.1t UTF-8 support for inputenc
Now handling font encoding OML ...
... no UTF-8 mapping file for font encoding OML
Now handling font encoding T1 ...
... processing UTF-8 mapping file for font encoding T1

(/usr/share/texlive/texmf-dist/tex/latex/base/t1enc.dfu
File: t1enc.dfu 2017/01/28 v1.1t UTF-8 support for inputenc
   defining Unicode char U+00A0 (decimal 160)
   defining Unicode char U+00A1 (decimal 161)
   defining Unicode char U+00A3 (decimal 163)
   defining Unicode char U+00AB (decimal 171)
   defining Unicode char U+00AD (decimal 173)
   defining Unicode char U+00BB (decimal 187)
   defining Unicode char U+00BF (decimal 191)
   defining Unicode char U+00C0 (decimal 192)
   defining Unicode char U+00C1 (decimal 193)
   defining Unicode char U+00C2 (decimal 194)
   defining Unicode char U+00C3 (decimal 195)
   defining Unicode char U+00C4 (decimal 196)
   defining Unicode char U+00C5 (decimal 197)
   defining Unicode char U+00C6 (decimal 198)
   defining Unicode char U+00C7 (decimal 199)
   defining Unicode char U+00C8 (decimal 200)
   defining Unicode char U+00C9 (decimal 201)
   defining Unicode char U+00CA (decimal 202)
   defining Unicode char U+00CB (decimal 203)
   defining Unicode char U+00CC (decimal 204)
   defining Unicode char U+00CD (decimal 205)
   defining Unicode char U+00CE (decimal 206)
   defining Unicode char U+00CF (decimal 207)
   defining Unicode char U+00D0 (decimal 208)
   defining Unicode char U+00D1 (decimal 209)
   defining Unicode char U+00D2 (decimal 210)
   defining Unicode char U+00D3 (decimal 211)
   defining Unicode char U+00D4 (decimal 212)
   defining Unicode char U+00D5 (decimal 213)
   defining Unicode char U+00D6 (decimal 214)
   defining Unicode char U+00D8 (decimal 216)
   defining Unicode char U+00D9 (decimal 217)
   defining Unicode char U+00DA (decimal 218)
   defining Unicode char U+00DB (decimal 219)
   defining Unicode char U+00DC (decimal 220)
   defining Unicode char U+00DD (decimal 221)
   defining Unicode char U+00DE (decimal 222)
   defining Unicode char U+00DF (decimal 223)
   defining Unicode char U+00E0 (decimal 224)
   defining Unicode char U+00E1 (decimal 225)
   defining Unicode char U+00E2 (decimal 226)
   defining Unicode char U+00E3 (decimal 227)
   defining Unicode char U+00E4 (decimal 228)
   defining Unicode char U+00E5 (decimal 229)
   defining Unicode char U+00E6 (decimal 230)
   defining Unicode char U+00E7 (decimal 231)
   defining Unicode char U+00E8 (decimal 232)
   defining Unicode char U+00E9 (decimal 233)
   defining Unicode char U+00EA (decimal 234)
   defining Unicode char U+00EB (decimal 235)
   defining Unicode char U+00EC (decimal 236)
   defining Unicode char U+00ED (decimal 237)
   defining Unicode char U+00EE (decimal 238)
   defining Unicode char U+00EF (decimal 239)
   defining Unicode char U+00F0 (decimal 240)
   defining Unicode char U+00F1 (decimal 241)
   defining Unicode char U+00F2 (decimal 242)
   defining Unicode char U+00F3 (decimal 243)
   defining Unicode char U+00F4 (decimal 244)
   defining Unicode char U+00F5 (decimal 245)
   defining Unicode char U+00F6 (decimal 246)
   defining Unicode char U+00F8 (decimal 248)
   defining Unicode char U+00F9 (decimal 249)
   defining Unicode char U+00FA (decimal 250)
   defining Unicode char U+00FB (decimal 251)
   defining Unicode char U+00FC (decimal 252)
   defining Unicode char U+00FD (decimal 253)
   defining Unicode char U+00FE (decimal 254)
   defining Unicode char U+00FF (decimal 255)
   defining Unicode char U+0100 (decimal 256)
   defining Unicode char U+0101 (decimal 257)
   defining Unicode char U+0102 (decimal 258)
   defining Unicode char U+0103 (decimal 259)
   defining Unicode char U+0104 (decimal 260)
   defining Unicode char U+0105 (decimal 261)
   defining Unicode char U+0106 (decimal 262)
   defining Unicode char U+0107 (decimal 263)
   defining Unicode char U+0108 (decimal 264)
   defining Unicode char U+0109 (decimal 265)
   defining Unicode char U+010A (decimal 266)
   defining Unicode char U+010B (decimal 267)
   defining Unicode char U+010C (decimal 268)
   defining Unicode char U+010D (decimal 269)
   defining Unicode char U+010E (decimal 270)
   defining Unicode char U+010F (decimal 271)
   defining Unicode char U+0110 (decimal 272)
   defining Unicode char U+0111 (decimal 273)
   defining Unicode char U+0112 (decimal 274)
   defining Unicode char U+0113 (decimal 275)
   defining Unicode char U+0114 (decimal 276)
   defining Unicode char U+0115 (decimal 277)
   defining Unicode char U+0116 (decimal 278)
   defining Unicode char U+0117 (decimal 279)
   defining Unicode char U+0118 (decimal 280)
   defining Unicode char U+0119 (decimal 281)
   defining Unicode char U+011A (decimal 282)
   defining Unicode char U+011B (decimal 283)
   defining Unicode char U+011C (decimal 284)
   defining Unicode char U+011D (decimal 285)
   defining Unicode char U+011E (decimal 286)
   defining Unicode char U+011F (decimal 287)
   defining Unicode char U+0120 (decimal 288)
   defining Unicode char U+0121 (decimal 289)
   defining Unicode char U+0122 (decimal 290)
   defining Unicode char U+0123 (decimal 291)
   defining Unicode char U+0124 (decimal 292)
   defining Unicode char U+0125 (decimal 293)
   defining Unicode char U+0128 (decimal 296)
   defining Unicode char U+0129 (decimal 297)
   defining Unicode char U+012A (decimal 298)
   defining Unicode char U+012B (decimal 299)
   defining Unicode char U+012C (decimal 300)
   defining Unicode char U+012D (decimal 301)
   defining Unicode char U+012E (decimal 302)
   defining Unicode char U+012F (decimal 303)
   defining Unicode char U+0130 (decimal 304)
   defining Unicode char U+0131 (decimal 305)
   defining Unicode char U+0132 (decimal 306)
   defining Unicode char U+0133 (decimal 307)
   defining Unicode char U+0134 (decimal 308)
   defining Unicode char U+0135 (decimal 309)
   defining Unicode char U+0136 (decimal 310)
   defining Unicode char U+0137 (decimal 311)
   defining Unicode char U+0139 (decimal 313)
   defining Unicode char U+013A (decimal 314)
   defining Unicode char U+013B (decimal 315)
   defining Unicode char U+013C (decimal 316)
   defining Unicode char U+013D (decimal 317)
   defining Unicode char U+013E (decimal 318)
   defining Unicode char U+0141 (decimal 321)
   defining Unicode char U+0142 (decimal 322)
   defining Unicode char U+0143 (decimal 323)
   defining Unicode char U+0144 (decimal 324)
   defining Unicode char U+0145 (decimal 325)
   defining Unicode char U+0146 (decimal 326)
   defining Unicode char U+0147 (decimal 327)
   defining Unicode char U+0148 (decimal 328)
   defining Unicode char U+014A (decimal 330)
   defining Unicode char U+014B (decimal 331)
   defining Unicode char U+014C (decimal 332)
   defining Unicode char U+014D (decimal 333)
   defining Unicode char U+014E (decimal 334)
   defining Unicode char U+014F (decimal 335)
   defining Unicode char U+0150 (decimal 336)
   defining Unicode char U+0151 (decimal 337)
   defining Unicode char U+0152 (decimal 338)
   defining Unicode char U+0153 (decimal 339)
   defining Unicode char U+0154 (decimal 340)
   defining Unicode char U+0155 (decimal 341)
   defining Unicode char U+0156 (decimal 342)
   defining Unicode char U+0157 (decimal 343)
   defining Unicode char U+0158 (decimal 344)
   defining Unicode char U+0159 (decimal 345)
   defining Unicode char U+015A (decimal 346)
   defining Unicode char U+015B (decimal 347)
   defining Unicode char U+015C (decimal 348)
   defining Unicode char U+015D (decimal 349)
   defining Unicode char U+015E (decimal 350)
   defining Unicode char U+015F (decimal 351)
   defining Unicode char U+0160 (decimal 352)
   defining Unicode char U+0161 (decimal 353)
   defining Unicode char U+0162 (decimal 354)
   defining Unicode char U+0163 (decimal 355)
   defining Unicode char U+0164 (decimal 356)
   defining Unicode char U+0165 (decimal 357)
   defining Unicode char U+0168 (decimal 360)
   defining Unicode char U+0169 (decimal 361)
   defining Unicode char U+016A (decimal 362)
   defining Unicode char U+016B (decimal 363)
   defining Unicode char U+016C (decimal 364)
   defining Unicode char U+016D (decimal 365)
   defining Unicode char U+016E (decimal 366)
   defining Unicode char U+016F (decimal 367)
   defining Unicode char U+0170 (decimal 368)
   defining Unicode char U+0171 (decimal 369)
   defining Unicode char U+0172 (decimal 370)
   defining Unicode char U+0173 (decimal 371)
   defining Unicode char U+0174 (decimal 372)
   defining Unicode char U+0175 (decimal 373)
   defining Unicode char U+0176 (decimal 374)
   defining Unicode char U+0177 (decimal 375)
   defining Unicode char U+0178 (decimal 376)
   defining Unicode char U+0179 (decimal 377)
   defining Unicode char U+017A (decimal 378)
   defining Unicode char U+017B (decimal 379)
   defining Unicode char U+017C (decimal 380)
   defining Unicode char U+017D (decimal 381)
   defining Unicode char U+017E (decimal 382)
   defining Unicode char U+01CD (decimal 461)
   defining Unicode char U+01CE (decimal 462)
   defining Unicode char U+01CF (decimal 463)
   defining Unicode char U+01D0 (decimal 464)
   defining Unicode char U+01D1 (decimal 465)
   defining Unicode char U+01D2 (decimal 466)
   defining Unicode char U+01D3 (decimal 467)
   defining Unicode char U+01D4 (decimal 468)
   defining Unicode char U+01E2 (decimal 482)
   defining Unicode char U+01E3 (decimal 483)
   defining Unicode char U+01E6 (decimal 486)
   defining Unicode char U+01E7 (decimal 487)
   defining Unicode char U+01E8 (decimal 488)
   defining Unicode char U+01E9 (decimal 489)
   defining Unicode char U+01EA (decimal 490)
   defining Unicode char U+01EB (decimal 491)
   defining Unicode char U+01F0 (decimal 496)
   defining Unicode char U+01F4 (decimal 500)
   defining Unicode char U+01F5 (decimal 501)
   defining Unicode char U+0218 (decimal 536)
   defining Unicode char U+0219 (decimal 537)
   defining Unicode char U+021A (decimal 538)
   defining Unicode char U+021B (decimal 539)
   defining Unicode char U+0232 (decimal 562)
   defining Unicode char U+0233 (decimal 563)
   defining Unicode char U+1E02 (decimal 7682)
   defining Unicode char U+1E03 (decimal 7683)
   defining Unicode char U+200C (decimal 8204)
   defining Unicode char U+2010 (decimal 8208)
   defining Unicode char U+2011 (decimal 8209)
   defining Unicode char U+2012 (decimal 8210)
   defining Unicode char U+2013 (decimal 8211)
   defining Unicode char U+2014 (decimal 8212)
   defining Unicode char U+2015 (decimal 8213)
   defining Unicode char U+2018 (decimal 8216)
   defining Unicode char U+2019 (decimal 8217)
   defining Unicode char U+201A (decimal 8218)
   defining Unicode char U+201C (decimal 8220)
   defining Unicode char U+201D (decimal 8221)
   defining Unicode char U+201E (decimal 8222)
   defining Unicode char U+2030 (decimal 8240)
   defining Unicode char U+2031 (decimal 8241)
   defining Unicode char U+2039 (decimal 8249)
   defining Unicode char U+203A (decimal 8250)
   defining Unicode char U+2423 (decimal 9251)
   defining Unicode char U+1E20 (decimal 7712)
   defining Unicode char U+1E21 (decimal 7713)
)
Now handling font encoding OT1 ...
... processing UTF-8 mapping file for font encoding OT1

(/usr/share/texlive/texmf-dist/tex/latex/base/ot1enc.dfu
File: ot1enc.dfu 2017/01/28 v1.1t UTF-8 support for inputenc
   defining Unicode char U+00A0 (decimal 160)
   defining Unicode char U+00A1 (decimal 161)
   defining Unicode char U+00A3 (decimal 163)
   defining Unicode char U+00AD (decimal 173)
   defining Unicode char U+00B8 (decimal 184)
   defining Unicode char U+00BF (decimal 191)
   defining Unicode char U+00C5 (decimal 197)
   defining Unicode char U+00C6 (decimal 198)
   defining Unicode char U+00D8 (decimal 216)
   defining Unicode char U+00DF (decimal 223)
   defining Unicode char U+00E6 (decimal 230)
   defining Unicode char U+00EC (decimal 236)
   defining Unicode char U+00ED (decimal 237)
   defining Unicode char U+00EE (decimal 238)
   defining Unicode char U+00EF (decimal 239)
   defining Unicode char U+00F8 (decimal 248)
   defining Unicode char U+0131 (decimal 305)
   defining Unicode char U+0141 (decimal 321)
   defining Unicode char U+0142 (decimal 322)
   defining Unicode char U+0152 (decimal 338)
   defining Unicode char U+0153 (decimal 339)
   defining Unicode char U+0174 (decimal 372)
   defining Unicode char U+0175 (decimal 373)
   defining Unicode char U+0176 (decimal 374)
   defining Unicode char U+0177 (decimal 375)
   defining Unicode char U+0218 (decimal 536)
   defining Unicode char U+0219 (decimal 537)
   defining Unicode char U+021A (decimal 538)
   defining Unicode char U+021B (decimal 539)
   defining Unicode char U+2013 (decimal 8211)
   defining Unicode char U+2014 (decimal 8212)
   defining Unicode char U+2018 (decimal 8216)
   defining Unicode char U+2019 (decimal 8217)
   defining Unicode char U+201C (decimal 8220)
   defining Unicode char U+201D (decimal 8221)
)
Now handling font encoding OMS ...
... processing UTF-8 mapping file for font encoding OMS

(/usr/share/texlive/texmf-dist/tex/latex/base/omsenc.dfu
File: omsenc.dfu 2017/01/28 v1.1t UTF-8 support for inputenc
   defining Unicode char U+00A7 (decimal 167)
   defining Unicode char U+00B6 (decimal 182)
   defining Unicode char U+00B7 (decimal 183)
   defining Unicode char U+2020 (decimal 8224)
   defining Unicode char U+2021 (decimal 8225)
   defining Unicode char U+2022 (decimal 8226)
)
Now handling font encoding OMX ...
... no UTF-8 mapping file for font encoding OMX
Now handling font encoding U ...
... no UTF-8 mapping file for font encoding U
   defining Unicode char U+00A9 (decimal 169)
   defining Unicode char U+00AA (decimal 170)
   defining Unicode char U+00AE (decimal 174)
   defining Unicode char U+00BA (decimal 186)
   defining Unicode char U+02C6 (decimal 710)
   defining Unicode char U+02DC (decimal 732)
   defining Unicode char U+200C (decimal 8204)
   defining Unicode char U+2026 (decimal 8230)
   defining Unicode char U+2122 (decimal 8482)
   defining Unicode char U+2423 (decimal 9251)
))
(/usr/share/texlive/texmf-dist/tex/generic/babel/babel.sty
Package: babel 2016/04/23 3.9r The Babel package

(/usr/share/texlive/texmf-dist/tex/generic/babel-spanish/spanish.ldf
Language: spanish.ldf 2016/03/03 v5.0p Spanish support from the babel system

(/usr/share/texlive/texmf-dist/tex/generic/babel/babel.def
File: babel.def 2016/04/23 3.9r Babel common definitions
\babel@savecnt=\count87
\U@D=\dimen103
)
\es@quottoks=\toks16
\es@quotdepth=\count88
Package babel Info: Making " an active character on input line 561.
Package babel Info: Making . an active character on input line 662.
Package babel Info: Making < an active character on input line 707.
Package babel Info: Making > an active character on input line 707.
))
(/usr/share/texlive/texmf-dist/tex/latex/graphics/graphicx.sty
Package: graphicx 2014/10/28 v1.0g Enhanced LaTeX Graphics (DPC,SPQR)

(/usr/share/texlive/texmf-dist/tex/latex/graphics/keyval.sty
Package: keyval 2014/10/28 v1.15 key=value parser (DPC)
\KV@toks@=\toks17
)
(/usr/share/texlive/texmf-dist/tex/latex/graphics/graphics.sty
Package: graphics 2016/10/09 v1.0u Standard LaTeX Graphics (DPC,SPQR)

(/usr/share/texlive/texmf-dist/tex/latex/graphics/trig.sty
Package: trig 2016/01/03 v1.10 sin cos tan (DPC)
)
(/usr/share/texlive/texmf-dist/tex/latex/graphics-cfg/graphics.cfg
File: graphics.cfg 2016/06/04 v1.11 sample graphics configuration
)
Package graphics Info: Driver file: pdftex.def on input line 99.

(/usr/share/texlive/texmf-dist/tex/latex/graphics-def/pdftex.def
File: pdftex.def 2017/01/12 v0.06k Graphics/color for pdfTeX

(/usr/share/texlive/texmf-dist/tex/generic/oberdiek/infwarerr.sty
Package: infwarerr 2016/05/16 v1.4 Providing info/warning/error messages (HO)
)
(/usr/share/texlive/texmf-dist/tex/generic/oberdiek/ltxcmds.sty
Package: ltxcmds 2016/05/16 v1.23 LaTeX kernel commands for general use (HO)
)
\Gread@gobject=\count89
))
\Gin@req@height=\dimen104
\Gin@req@width=\dimen105
)
(/usr/share/texlive/texmf-dist/tex/latex/geometry/geometry.sty
Package: geometry 2010/09/12 v5.6 Page Geometry

(/usr/share/texlive/texmf-dist/tex/generic/oberdiek/ifpdf.sty
Package: ifpdf 2016/05/14 v3.1 Provides the ifpdf switch
)
(/usr/share/texlive/texmf-dist/tex/generic/oberdiek/ifvtex.sty
Package: ifvtex 2016/05/16 v1.6 Detect VTeX and its facilities (HO)
Package ifvtex Info: VTeX not detected.
)
(/usr/share/texlive/texmf-dist/tex/generic/ifxetex/ifxetex.sty
Package: ifxetex 2010/09/12 v0.6 Provides ifxetex conditional
)
\Gm@cnth=\count90
\Gm@cntv=\count91
\c@Gm@tempcnt=\count92
\Gm@bindingoffset=\dimen106
\Gm@wd@mp=\dimen107
\Gm@odd@mp=\dimen108
\Gm@even@mp=\dimen109
\Gm@layoutwidth=\dimen110
\Gm@layoutheight=\dimen111
\Gm@layouthoffset=\dimen112
\Gm@layoutvoffset=\dimen113
\Gm@dimlist=\toks18
)
(/usr/share/texlive/texmf-dist/tex/latex/listings/listings.sty
\lst@mode=\count93
\lst@gtempboxa=\box26
\lst@token=\toks19
\lst@length=\count94
\lst@currlwidth=\dimen114
\lst@column=\count95
\lst@pos=\count96
\lst@lostspace=\dimen115
\lst@width=\dimen116
\lst@newlines=\count97
\lst@lineno=\count98
\lst@maxwidth=\dimen117

(/usr/share/texlive/texmf-dist/tex/latex/listings/lstmisc.sty
File: lstmisc.sty 2015/06/04 1.6 (Carsten Heinz)
\c@lstnumber=\count99
\lst@skipnumbers=\count100
\lst@framebox=\box27
)
(/usr/share/texlive/texmf-dist/tex/latex/listings/listings.cfg
File: listings.cfg 2015/06/04 1.6 listings configuration
))
Package: listings 2015/06/04 1.6 (Carsten Heinz)

(/usr/share/texlive/texmf-dist/tex/latex/amsmath/amsmath.sty
Package: amsmath 2016/11/05 v2.16a AMS math features
\@mathmargin=\skip43

For additional information on amsmath, use the `?' option.
(/usr/share/texlive/texmf-dist/tex/latex/amsmath/amstext.sty
Package: amstext 2000/06/29 v2.01 AMS text

(/usr/share/texlive/texmf-dist/tex/latex/amsmath/amsgen.sty
File: amsgen.sty 1999/11/30 v2.0 generic functions
\@emptytoks=\toks20
\ex@=\dimen118
))
(/usr/share/texlive/texmf-dist/tex/latex/amsmath/amsbsy.sty
Package: amsbsy 1999/11/29 v1.2d Bold Symbols
\pmbraise@=\dimen119
)
(/usr/share/texlive/texmf-dist/tex/latex/amsmath/amsopn.sty
Package: amsopn 2016/03/08 v2.02 operator names
)
\inf@bad=\count101
LaTeX Info: Redefining \frac on input line 213.
\uproot@=\count102
\leftroot@=\count103
LaTeX Info: Redefining \overline on input line 375.
\classnum@=\count104
\DOTSCASE@=\count105
LaTeX Info: Redefining \ldots on input line 472.
LaTeX Info: Redefining \dots on input line 475.
LaTeX Info: Redefining \cdots on input line 596.
\Mathstrutbox@=\box28
\strutbox@=\box29
\big@size=\dimen120
LaTeX Font Info:    Redeclaring font encoding OML on input line 712.
LaTeX Font Info:    Redeclaring font encoding OMS on input line 713.
\macc@depth=\count106
\c@MaxMatrixCols=\count107
\dotsspace@=\muskip10
\c@parentequation=\count108
\dspbrk@lvl=\count109
\tag@help=\toks21
\row@=\count110
\column@=\count111
\maxfields@=\count112
\andhelp@=\toks22
\eqnshift@=\dimen121
\alignsep@=\dimen122
\tagshift@=\dimen123
\tagwidth@=\dimen124
\totwidth@=\dimen125
\lineht@=\dimen126
\@envbody=\toks23
\multlinegap=\skip44
\multlinetaggap=\skip45
\mathdisplay@stack=\toks24
LaTeX Info: Redefining \[ on input line 2817.
LaTeX Info: Redefining \] on input line 2818.
)
(/usr/share/texlive/texmf-dist/tex/latex/amsfonts/amsfonts.sty
Package: amsfonts 2013/01/14 v3.01 Basic AMSFonts support
\symAMSa=\mathgroup4
\symAMSb=\mathgroup5
LaTeX Font Info:    Overwriting math alphabet `\mathfrak' in version `bold'
(Font)                  U/euf/m/n --> U/euf/b/n on input line 106.
)
(/usr/share/texlive/texmf-dist/tex/latex/amsfonts/amssymb.sty
Package: amssymb 2013/01/14 v3.01 AMS font symbols
) (./caratula.sty
Package: caratula 2003/4/13 v0.1 Para componer caratulas de TPs del DC

Cargando package 'caratula' v0.2 (21/4/2003)
\intlist=\toks25
) (/usr/share/texlive/texmf-dist/tex/latex/placeins/placeins.sty
Package: placeins 2005/04/18  v 2.2
)
(/usr/share/texlive/texmf-dist/tex/latex/titlesec/titlesec.sty
Package: titlesec 2016/03/21 v2.10.2 Sectioning titles
\ttl@box=\box30
\beforetitleunit=\skip46
\aftertitleunit=\skip47
\ttl@plus=\dimen127
\ttl@minus=\dimen128
\ttl@toksa=\toks26
\titlewidth=\dimen129
\titlewidthlast=\dimen130
\titlewidthfirst=\dimen131
)
(./tiposProps.aux
LaTeX Info: Redefining \. on input line 6.
LaTeX Info: Redefining \% on input line 6.
)
\openout1 = `tiposProps.aux'.

LaTeX Font Info:    Checking defaults for OML/cmm/m/it on input line 21.
LaTeX Font Info:    ... okay on input line 21.
LaTeX Font Info:    Checking defaults for T1/cmr/m/n on input line 21.
LaTeX Font Info:    ... okay on input line 21.
LaTeX Font Info:    Checking defaults for OT1/cmr/m/n on input line 21.
LaTeX Font Info:    ... okay on input line 21.
LaTeX Font Info:    Checking defaults for OMS/cmsy/m/n on input line 21.
LaTeX Font Info:    ... okay on input line 21.
LaTeX Font Info:    Checking defaults for OMX/cmex/m/n on input line 21.
LaTeX Font Info:    ... okay on input line 21.
LaTeX Font Info:    Checking defaults for U/cmr/m/n on input line 21.
LaTeX Font Info:    ... okay on input line 21.
LaTeX Info: Redefining \. on input line 21.
LaTeX Info: Redefining \% on input line 21.

(/usr/share/texlive/texmf-dist/tex/context/base/mkii/supp-pdf.mkii
[Loading MPS to PDF converter (version 2006.09.02).]
\scratchcounter=\count113
\scratchdimen=\dimen132
\scratchbox=\box31
\nofMPsegments=\count114
\nofMParguments=\count115
\everyMPshowfont=\toks27
\MPscratchCnt=\count116
\MPscratchDim=\dimen133
\MPnumerator=\count117
\makeMPintoPDFobject=\count118
\everyMPtoPDFconversion=\toks28
) (/usr/share/texlive/texmf-dist/tex/generic/oberdiek/pdftexcmds.sty
Package: pdftexcmds 2016/05/21 v0.22 Utility functions of pdfTeX for LuaTeX (HO
)

(/usr/share/texlive/texmf-dist/tex/generic/oberdiek/ifluatex.sty
Package: ifluatex 2016/05/16 v1.4 Provides the ifluatex switch (HO)
Package ifluatex Info: LuaTeX not detected.
)
Package pdftexcmds Info: LuaTeX not detected.
Package pdftexcmds Info: \pdf@primitive is available.
Package pdftexcmds Info: \pdf@ifprimitive is available.
Package pdftexcmds Info: \pdfdraftmode found.
)
(/usr/share/texlive/texmf-dist/tex/latex/oberdiek/epstopdf-base.sty
Package: epstopdf-base 2016/05/15 v2.6 Base part for package epstopdf

(/usr/share/texlive/texmf-dist/tex/latex/oberdiek/grfext.sty
Package: grfext 2016/05/16 v1.2 Manage graphics extensions (HO)

(/usr/share/texlive/texmf-dist/tex/generic/oberdiek/kvdefinekeys.sty
Package: kvdefinekeys 2016/05/16 v1.4 Define keys (HO)
))
(/usr/share/texlive/texmf-dist/tex/latex/oberdiek/kvoptions.sty
Package: kvoptions 2016/05/16 v3.12 Key value format for package options (HO)

(/usr/share/texlive/texmf-dist/tex/generic/oberdiek/kvsetkeys.sty
Package: kvsetkeys 2016/05/16 v1.17 Key value parser (HO)

(/usr/share/texlive/texmf-dist/tex/generic/oberdiek/etexcmds.sty
Package: etexcmds 2016/05/16 v1.6 Avoid name clashes with e-TeX commands (HO)
Package etexcmds Info: Could not find \expanded.
(etexcmds)             That can mean that you are not using pdfTeX 1.50 or
(etexcmds)             that some package has redefined \expanded.
(etexcmds)             In the latter case, load this package earlier.
)))
Package epstopdf-base Info: Redefining graphics rule for `.eps' on input line 4
38.
Package grfext Info: Graphics extension search list:
(grfext)             [.png,.pdf,.jpg,.mps,.jpeg,.jbig2,.jb2,.PNG,.PDF,.JPG,.JPE
G,.JBIG2,.JB2,.eps]
(grfext)             \AppendGraphicsExtensions on input line 456.

(/usr/share/texlive/texmf-dist/tex/latex/latexconfig/epstopdf-sys.cfg
File: epstopdf-sys.cfg 2010/07/13 v1.3 Configuration of (r)epstopdf for TeX Liv
e
))
*geometry* driver: auto-detecting
*geometry* detected driver: pdftex
*geometry* verbose mode - [ preamble ] result:
* driver: pdftex
* paper: a4paper
* layout: <same size as paper>
* layoutoffset:(h,v)=(0.0pt,0.0pt)
* modes: 
* h-part:(L,W,R)=(50.58878pt, 496.33032pt, 50.58878pt)
* v-part:(T,H,B)=(50.58878pt, 743.8693pt, 50.58878pt)
* \paperwidth=597.50787pt
* \paperheight=845.04684pt
* \textwidth=496.33032pt
* \textheight=743.8693pt
* \oddsidemargin=-21.68121pt
* \evensidemargin=-21.68121pt
* \topmargin=-58.68121pt
* \headheight=12.0pt
* \headsep=25.0pt
* \topskip=10.0pt
* \footskip=30.0pt
* \marginparwidth=57.0pt
* \marginparsep=11.0pt
* \columnsep=10.0pt
* \skip\footins=9.0pt plus 4.0pt minus 2.0pt
* \hoffset=0.0pt
* \voffset=0.0pt
* \mag=1000
* \@twocolumnfalse
* \@twosidefalse
* \@mparswitchfalse
* \@reversemarginfalse
* (1in=72.27pt=25.4mm, 1cm=28.453pt)

\c@lstlisting=\count119
<images/logo.png, id=1, 144.54pt x 144.54pt>
File: images/logo.png Graphic file (type png)
 <use images/logo.png>
Package pdftex.def Info: images/logo.png used on input line 27.
(pdftex.def)             Requested size: 213.40634pt x 213.40634pt.
LaTeX Font Info:    Try loading font information for U+msa on input line 37.

(/usr/share/texlive/texmf-dist/tex/latex/amsfonts/umsa.fd
File: umsa.fd 2013/01/14 v3.01 AMS symbols A
)
LaTeX Font Info:    Try loading font information for U+msb on input line 37.

(/usr/share/texlive/texmf-dist/tex/latex/amsfonts/umsb.fd
File: umsb.fd 2013/01/14 v3.01 AMS symbols B
) [1

{/var/lib/texmf/fonts/map/pdftex/updmap/pdftex.map} <./images/logo.png>] (./tip
osProps.toc
LaTeX Info: Redefining \. on input line 1.
LaTeX Info: Redefining \% on input line 1.
)
\tf@toc=\write3
\openout3 = `tiposProps.toc'.


[1] <images/houseSurfaceTopBar.png, id=20, 892.33376pt x 496.85625pt>
File: images/houseSurfaceTopBar.png Graphic file (type png)

<use images/houseSurfaceTopBar.png>
Package pdftex.def Info: images/houseSurfaceTopBar.png used on input line 93.
(pdftex.def)             Requested size: 496.33032pt x 276.36499pt.
 [1 <./images/houseSurfaceTopBar.png>]
<images/houseSurfaceTopMap.png, id=26, 978.65625pt x 401.5pt>
File: images/houseSurfaceTopMap.png Graphic file (type png)

<use images/houseSurfaceTopMap.png>
Package pdftex.def Info: images/houseSurfaceTopMap.png used on input line 99.
(pdftex.def)             Requested size: 496.33032pt x 203.62277pt.

<images/phSurfaceTopBar.png, id=27, 892.33376pt x 496.85625pt>
File: images/phSurfaceTopBar.png Graphic file (type png)

<use images/phSurfaceTopBar.png>
Package pdftex.def Info: images/phSurfaceTopBar.png used on input line 128.
(pdftex.def)             Requested size: 496.33032pt x 276.36499pt.
 [2 <./images/houseSurfaceTopMap.png>]
<images/phSurfaceTopMap.png, id=32, 978.65625pt x 401.5pt>
File: images/phSurfaceTopMap.png Graphic file (type png)

<use images/phSurfaceTopMap.png>
Package pdftex.def Info: images/phSurfaceTopMap.png used on input line 134.
(pdftex.def)             Requested size: 496.33032pt x 203.62277pt.
 [3 <./images/phSurfaceTopBar.png> <./images/phSurfaceTopMap.png>]
<images/apartmentSurfaceTopBar.png, id=38, 892.33376pt x 496.85625pt>
File: images/apartmentSurfaceTopBar.png Graphic file (type png)

<use images/apartmentSurfaceTopBar.png>
Package pdftex.def Info: images/apartmentSurfaceTopBar.png used on input line 1
66.
(pdftex.def)             Requested size: 496.33032pt x 276.36499pt.

<images/apartmentSurfaceTopMap.png, id=39, 978.65625pt x 401.5pt>
File: images/apartmentSurfaceTopMap.png Graphic file (type png)

<use images/apartmentSurfaceTopMap.png>
Package pdftex.def Info: images/apartmentSurfaceTopMap.png used on input line 1
73.
(pdftex.def)             Requested size: 496.33032pt x 203.62277pt.
 [4 <./images/apartmentSurfaceTopBar.png> <./images/apartmentSurfaceTopMap.png>
]
<images/storeSurfaceTopBar.png, id=45, 892.33376pt x 496.85625pt>
File: images/storeSurfaceTopBar.png Graphic file (type png)

<use images/storeSurfaceTopBar.png>
Package pdftex.def Info: images/storeSurfaceTopBar.png used on input line 203.
(pdftex.def)             Requested size: 496.33032pt x 276.36499pt.

<images/storeSurfaceTopMap.png, id=46, 978.65625pt x 401.5pt>
File: images/storeSurfaceTopMap.png Graphic file (type png)

<use images/storeSurfaceTopMap.png>
Package pdftex.def Info: images/storeSurfaceTopMap.png used on input line 209.
(pdftex.def)             Requested size: 496.33032pt x 203.62277pt.

<images/houseSurfaceBottomBar.png, id=47, 892.33376pt x 496.85625pt>
File: images/houseSurfaceBottomBar.png Graphic file (type png)

<use images/houseSurfaceBottomBar.png>
Package pdftex.def Info: images/houseSurfaceBottomBar.png used on input line 21
7.
(pdftex.def)             Requested size: 496.33032pt x 276.36499pt.
 [5 <./images/storeSurfaceTopBar.png> <./images/storeSurfaceTopMap.png>]
<images/houseSurfaceBottomMap.png, id=54, 978.65625pt x 401.5pt>
File: images/houseSurfaceBottomMap.png Graphic file (type png)

<use images/houseSurfaceBottomMap.png>
Package pdftex.def Info: images/houseSurfaceBottomMap.png used on input line 22
0.
(pdftex.def)             Requested size: 496.33032pt x 203.62277pt.

<images/phSurfaceBottomBar.png, id=55, 886.31125pt x 496.85625pt>
File: images/phSurfaceBottomBar.png Graphic file (type png)

<use images/phSurfaceBottomBar.png>
Package pdftex.def Info: images/phSurfaceBottomBar.png used on input line 224.
(pdftex.def)             Requested size: 496.33032pt x 278.24518pt.
 [6 <./images/houseSurfaceBottomBar.png> <./images/houseSurfaceBottomMap.png>]
<images/phSurfaceBottomMap.png, id=61, 978.65625pt x 401.5pt>
File: images/phSurfaceBottomMap.png Graphic file (type png)

<use images/phSurfaceBottomMap.png>
Package pdftex.def Info: images/phSurfaceBottomMap.png used on input line 227.
(pdftex.def)             Requested size: 496.33032pt x 203.62277pt.

<images/apartmentSurfaceBottomBar.png, id=62, 886.31125pt x 496.85625pt>
File: images/apartmentSurfaceBottomBar.png Graphic file (type png)

<use images/apartmentSurfaceBottomBar.png>
Package pdftex.def Info: images/apartmentSurfaceBottomBar.png used on input lin
e 231.
(pdftex.def)             Requested size: 496.33032pt x 278.24518pt.
 [7 <./images/phSurfaceBottomBar.png> <./images/phSurfaceBottomMap.png>]
<images/apartmentSurfaceBottomMap.png, id=68, 978.65625pt x 401.5pt>
File: images/apartmentSurfaceBottomMap.png Graphic file (type png)

<use images/apartmentSurfaceBottomMap.png>
Package pdftex.def Info: images/apartmentSurfaceBottomMap.png used on input lin
e 234.
(pdftex.def)             Requested size: 496.33032pt x 203.62277pt.

<images/storeSurfaceBottomBar.png, id=69, 892.33376pt x 496.85625pt>
File: images/storeSurfaceBottomBar.png Graphic file (type png)

<use images/storeSurfaceBottomBar.png>
Package pdftex.def Info: images/storeSurfaceBottomBar.png used on input line 23
8.
(pdftex.def)             Requested size: 496.33032pt x 276.36499pt.
 [8 <./images/apartmentSurfaceBottomBar.png> <./images/apartmentSurfaceBottomMa
p.png>]
<images/storeSurfaceBottomMap.png, id=75, 978.65625pt x 401.5pt>
File: images/storeSurfaceBottomMap.png Graphic file (type png)

<use images/storeSurfaceBottomMap.png>
Package pdftex.def Info: images/storeSurfaceBottomMap.png used on input line 24
1.
(pdftex.def)             Requested size: 496.33032pt x 203.62277pt.
 [9 <./images/storeSurfaceBottomBar.png> <./images/storeSurfaceBottomMap.png>]
<images/topCc.png, id=81, 904.37875pt x 497.86pt>
File: images/topCc.png Graphic file (type png)
 <use images/topCc.png>
Package pdftex.def Info: images/topCc.png used on input line 271.
(pdftex.def)             Requested size: 496.33032pt x 273.2237pt.

<images/ubicCc.png, id=82, 984.67876pt x 401.5pt>
File: images/ubicCc.png Graphic file (type png)
 <use images/ubicCc.png>
Package pdftex.def Info: images/ubicCc.png used on input line 277.
(pdftex.def)             Requested size: 496.33032pt x 202.37912pt.

[10 <./images/topCc.png> <./images/ubicCc.png>]
<images/topPHc.png, id=88, 904.37875pt x 497.86pt>
File: images/topPHc.png Graphic file (type png)
 <use images/topPHc.png>
Package pdftex.def Info: images/topPHc.png used on input line 304.
(pdftex.def)             Requested size: 496.33032pt x 273.2237pt.

<images/ubicPHc.png, id=89, 984.67876pt x 401.5pt>
File: images/ubicPHc.png Graphic file (type png)
 <use images/ubicPHc.png>
Package pdftex.def Info: images/ubicPHc.png used on input line 311.
(pdftex.def)             Requested size: 496.33032pt x 202.37912pt.

[11 <./images/topPHc.png> <./images/ubicPHc.png>]
<images/topDc.png, id=96, 904.37875pt x 497.86pt>
File: images/topDc.png Graphic file (type png)
 <use images/topDc.png>
Package pdftex.def Info: images/topDc.png used on input line 337.
(pdftex.def)             Requested size: 496.33032pt x 273.2237pt.

<images/ubicDc.png, id=97, 984.67876pt x 401.5pt>
File: images/ubicDc.png Graphic file (type png)
 <use images/ubicDc.png>
Package pdftex.def Info: images/ubicDc.png used on input line 344.
(pdftex.def)             Requested size: 496.33032pt x 202.37912pt.

[12 <./images/topDc.png> <./images/ubicDc.png>]
<images/topLc.png, id=103, 904.37875pt x 497.86pt>
File: images/topLc.png Graphic file (type png)
 <use images/topLc.png>
Package pdftex.def Info: images/topLc.png used on input line 371.
(pdftex.def)             Requested size: 496.33032pt x 273.2237pt.

<images/ubicLc.png, id=104, 984.67876pt x 401.5pt>
File: images/ubicLc.png Graphic file (type png)
 <use images/ubicLc.png>
Package pdftex.def Info: images/ubicLc.png used on input line 378.
(pdftex.def)             Requested size: 496.33032pt x 202.37912pt.

[13 <./images/topLc.png> <./images/ubicLc.png>]
<images/topCb.png, id=110, 897.3525pt x 497.86pt>
File: images/topCb.png Graphic file (type png)
 <use images/topCb.png>
Package pdftex.def Info: images/topCb.png used on input line 411.
(pdftex.def)             Requested size: 496.33032pt x 275.36598pt.

<images/ubicCb.png, id=111, 984.67876pt x 401.5pt>
File: images/ubicCb.png Graphic file (type png)
 <use images/ubicCb.png>
Package pdftex.def Info: images/ubicCb.png used on input line 418.
(pdftex.def)             Requested size: 496.33032pt x 202.37912pt.

[14 <./images/topCb.png> <./images/ubicCb.png>]
<images/topPHb.png, id=117, 904.37875pt x 497.86pt>
File: images/topPHb.png Graphic file (type png)
 <use images/topPHb.png>
Package pdftex.def Info: images/topPHb.png used on input line 446.
(pdftex.def)             Requested size: 496.33032pt x 273.2237pt.

<images/ubicPHb.png, id=118, 984.67876pt x 401.5pt>
File: images/ubicPHb.png Graphic file (type png)
 <use images/ubicPHb.png>
Package pdftex.def Info: images/ubicPHb.png used on input line 452.
(pdftex.def)             Requested size: 496.33032pt x 202.37912pt.

[15 <./images/topPHb.png> <./images/ubicPHb.png>]
<images/topDb.png, id=124, 904.37875pt x 497.86pt>
File: images/topDb.png Graphic file (type png)
 <use images/topDb.png>
Package pdftex.def Info: images/topDb.png used on input line 479.
(pdftex.def)             Requested size: 496.33032pt x 273.2237pt.

<images/ubicDb.png, id=125, 984.67876pt x 401.5pt>
File: images/ubicDb.png Graphic file (type png)
 <use images/ubicDb.png>
Package pdftex.def Info: images/ubicDb.png used on input line 486.
(pdftex.def)             Requested size: 496.33032pt x 202.37912pt.

[16 <./images/topDb.png> <./images/ubicDb.png>]
<images/topLb.png, id=131, 904.37875pt x 497.86pt>
File: images/topLb.png Graphic file (type png)
 <use images/topLb.png>
Package pdftex.def Info: images/topLb.png used on input line 513.
(pdftex.def)             Requested size: 496.33032pt x 273.2237pt.

<images/ubicLb.png, id=132, 984.67876pt x 401.5pt>
File: images/ubicLb.png Graphic file (type png)
 <use images/ubicLb.png>
Package pdftex.def Info: images/ubicLb.png used on input line 520.
(pdftex.def)             Requested size: 496.33032pt x 202.37912pt.

[17 <./images/topLb.png> <./images/ubicLb.png>]
<images/ubicMasCasas.png, id=139, 984.67876pt x 401.5pt>
File: images/ubicMasCasas.png Graphic file (type png)

<use images/ubicMasCasas.png>
Package pdftex.def Info: images/ubicMasCasas.png used on input line 568.
(pdftex.def)             Requested size: 496.33032pt x 202.37912pt.

<images/ubicMPH.png, id=140, 984.67876pt x 401.5pt>
File: images/ubicMPH.png Graphic file (type png)
 <use images/ubicMPH.png>
Package pdftex.def Info: images/ubicMPH.png used on input line 596.
(pdftex.def)             Requested size: 496.33032pt x 202.37912pt.

[18 <./images/ubicMasCasas.png>]
<images/ubicMDeptos.png, id=145, 984.67876pt x 401.5pt>
File: images/ubicMDeptos.png Graphic file (type png)

<use images/ubicMDeptos.png>
Package pdftex.def Info: images/ubicMDeptos.png used on input line 625.
(pdftex.def)             Requested size: 496.33032pt x 202.37912pt.
 [19 <./images/ubicMPH.png> <./images/ubicMDeptos.png>] <images/ubicMLocales.pn
g, id=151, 984.67876pt x 401.5pt>
File: images/ubicMLocales.png Graphic file (type png)

<use images/ubicMLocales.png>
Package pdftex.def Info: images/ubicMLocales.png used on input line 654.
(pdftex.def)             Requested size: 496.33032pt x 202.37912pt.

<images/vCasa2014.png, id=152, 916.42375pt x 500.87125pt>
File: images/vCasa2014.png Graphic file (type png)

<use images/vCasa2014.png>
Package pdftex.def Info: images/vCasa2014.png used on input line 676.
(pdftex.def)             Requested size: 496.33032pt x 271.26892pt.
 [20 <./images/ubicMLocales.png>]
<images/vCasa2015.png, id=157, 916.42375pt x 500.87125pt>
File: images/vCasa2015.png Graphic file (type png)

<use images/vCasa2015.png>
Package pdftex.def Info: images/vCasa2015.png used on input line 680.
(pdftex.def)             Requested size: 496.33032pt x 271.26892pt.

<images/vCasa2016.png, id=158, 916.42375pt x 500.87125pt>
File: images/vCasa2016.png Graphic file (type png)

<use images/vCasa2016.png>
Package pdftex.def Info: images/vCasa2016.png used on input line 684.
(pdftex.def)             Requested size: 496.33032pt x 271.26892pt.
 [21 <./images/vCasa2014.png> <./images/vCasa2015.png>] <images/vCasa2017.png, 
id=164, 916.42375pt x 500.87125pt>
File: images/vCasa2017.png Graphic file (type png)

<use images/vCasa2017.png>
Package pdftex.def Info: images/vCasa2017.png used on input line 688.
(pdftex.def)             Requested size: 496.33032pt x 271.26892pt.

<images/vPH2014.png, id=165, 916.42375pt x 500.87125pt>
File: images/vPH2014.png Graphic file (type png)

<use images/vPH2014.png>
Package pdftex.def Info: images/vPH2014.png used on input line 701.
(pdftex.def)             Requested size: 496.33032pt x 271.26892pt.
 [22 <./images/vCasa2016.png> <./images/vCasa2017.png>] <images/vPH2015.png, id
=171, 916.42375pt x 500.87125pt>
File: images/vPH2015.png Graphic file (type png)

<use images/vPH2015.png>
Package pdftex.def Info: images/vPH2015.png used on input line 705.
(pdftex.def)             Requested size: 496.33032pt x 271.26892pt.

<images/vPH2016.png, id=172, 916.42375pt x 500.87125pt>
File: images/vPH2016.png Graphic file (type png)

<use images/vPH2016.png>
Package pdftex.def Info: images/vPH2016.png used on input line 709.
(pdftex.def)             Requested size: 496.33032pt x 271.26892pt.
 [23 <./images/vPH2014.png> <./images/vPH2015.png>]
<images/vPH2017.png, id=179, 916.42375pt x 500.87125pt>
File: images/vPH2017.png Graphic file (type png)

<use images/vPH2017.png>
Package pdftex.def Info: images/vPH2017.png used on input line 713.
(pdftex.def)             Requested size: 496.33032pt x 271.26892pt.

<images/vDepto2014.png, id=180, 916.42375pt x 500.87125pt>
File: images/vDepto2014.png Graphic file (type png)

<use images/vDepto2014.png>
Package pdftex.def Info: images/vDepto2014.png used on input line 726.
(pdftex.def)             Requested size: 496.33032pt x 271.26892pt.
 [24 <./images/vPH2016.png> <./images/vPH2017.png>]
<images/vDepto2015.png, id=186, 916.42375pt x 500.87125pt>
File: images/vDepto2015.png Graphic file (type png)

<use images/vDepto2015.png>
Package pdftex.def Info: images/vDepto2015.png used on input line 730.
(pdftex.def)             Requested size: 496.33032pt x 271.26892pt.

<images/vDepto2016.png, id=187, 916.42375pt x 500.87125pt>
File: images/vDepto2016.png Graphic file (type png)

<use images/vDepto2016.png>
Package pdftex.def Info: images/vDepto2016.png used on input line 734.
(pdftex.def)             Requested size: 496.33032pt x 271.26892pt.
 [25 <./images/vDepto2014.png> <./images/vDepto2015.png>] <images/vDepto2017.pn
g, id=193, 916.42375pt x 500.87125pt>
File: images/vDepto2017.png Graphic file (type png)

<use images/vDepto2017.png>
Package pdftex.def Info: images/vDepto2017.png used on input line 738.
(pdftex.def)             Requested size: 496.33032pt x 271.26892pt.

<images/vLoc2014.png, id=194, 916.42375pt x 500.87125pt>
File: images/vLoc2014.png Graphic file (type png)

<use images/vLoc2014.png>
Package pdftex.def Info: images/vLoc2014.png used on input line 748.
(pdftex.def)             Requested size: 496.33032pt x 271.26892pt.
 [26 <./images/vDepto2016.png> <./images/vDepto2017.png>] <images/vLoc2015.png,
 id=200, 916.42375pt x 500.87125pt>
File: images/vLoc2015.png Graphic file (type png)

<use images/vLoc2015.png>
Package pdftex.def Info: images/vLoc2015.png used on input line 752.
(pdftex.def)             Requested size: 496.33032pt x 271.26892pt.

<images/vLoc2016.png, id=201, 916.42375pt x 500.87125pt>
File: images/vLoc2016.png Graphic file (type png)

<use images/vLoc2016.png>
Package pdftex.def Info: images/vLoc2016.png used on input line 756.
(pdftex.def)             Requested size: 496.33032pt x 271.26892pt.
 [27 <./images/vLoc2014.png> <./images/vLoc2015.png>]
<images/vLoc2017.png, id=207, 916.42375pt x 500.87125pt>
File: images/vLoc2017.png Graphic file (type png)

<use images/vLoc2017.png>
Package pdftex.def Info: images/vLoc2017.png used on input line 760.
(pdftex.def)             Requested size: 496.33032pt x 271.26892pt.
 [28 <./images/vLoc2016.png> <./images/vLoc2017.png>]
<images/propPrice2013.png, id=214, 897.3525pt x 496.85625pt>
File: images/propPrice2013.png Graphic file (type png)

<use images/propPrice2013.png>
Package pdftex.def Info: images/propPrice2013.png used on input line 775.
(pdftex.def)             Requested size: 496.33032pt x 274.81079pt.

<images/propPrice2014.png, id=215, 897.3525pt x 496.85625pt>
File: images/propPrice2014.png Graphic file (type png)

<use images/propPrice2014.png>
Package pdftex.def Info: images/propPrice2014.png used on input line 781.
(pdftex.def)             Requested size: 496.33032pt x 274.81079pt.
 [29 <./images/propPrice2013.png> <./images/propPrice2014.png>] <images/propPri
ce2015.png, id=222, 897.3525pt x 496.85625pt>
File: images/propPrice2015.png Graphic file (type png)

<use images/propPrice2015.png>
Package pdftex.def Info: images/propPrice2015.png used on input line 786.
(pdftex.def)             Requested size: 496.33032pt x 274.81079pt.

<images/propPrice2016.png, id=223, 897.3525pt x 496.85625pt>
File: images/propPrice2016.png Graphic file (type png)

<use images/propPrice2016.png>
Package pdftex.def Info: images/propPrice2016.png used on input line 792.
(pdftex.def)             Requested size: 496.33032pt x 274.81079pt.

<images/propPrice2017.png, id=224, 897.3525pt x 496.85625pt>
File: images/propPrice2017.png Graphic file (type png)

<use images/propPrice2017.png>
Package pdftex.def Info: images/propPrice2017.png used on input line 798.
(pdftex.def)             Requested size: 496.33032pt x 274.81079pt.
 [30 <./images/propPrice2015.png> <./images/propPrice2016.png>] <images/houseVa
riation.png, id=230, 909.3975pt x 496.85625pt>
File: images/houseVariation.png Graphic file (type png)

<use images/houseVariation.png>
Package pdftex.def Info: images/houseVariation.png used on input line 804.
(pdftex.def)             Requested size: 496.33032pt x 271.1793pt.

<images/phVariation.png, id=231, 909.3975pt x 496.85625pt>
File: images/phVariation.png Graphic file (type png)

<use images/phVariation.png>
Package pdftex.def Info: images/phVariation.png used on input line 811.
(pdftex.def)             Requested size: 496.33032pt x 271.1793pt.
 [31 <./images/propPrice2017.png> <./images/houseVariation.png>]
<images/apartmentsVariation.png, id=237, 909.3975pt x 496.85625pt>
File: images/apartmentsVariation.png Graphic file (type png)

<use images/apartmentsVariation.png>
Package pdftex.def Info: images/apartmentsVariation.png used on input line 817.

(pdftex.def)             Requested size: 496.33032pt x 271.1793pt.

<images/storeVariation.png, id=238, 909.3975pt x 496.85625pt>
File: images/storeVariation.png Graphic file (type png)

<use images/storeVariation.png>
Package pdftex.def Info: images/storeVariation.png used on input line 828.
(pdftex.def)             Requested size: 496.33032pt x 271.1793pt.
 [32 <./images/phVariation.png> <./images/apartmentsVariation.png>]
<images/jointVariation.png, id=244, 936.49875pt x 493.845pt>
File: images/jointVariation.png Graphic file (type png)

<use images/jointVariation.png>
Package pdftex.def Info: images/jointVariation.png used on input line 833.
(pdftex.def)             Requested size: 496.33032pt x 261.73659pt.
 [33 <./images/storeVariation.png> <./images/jointVariation.png>] (./tiposProps
.aux
LaTeX Info: Redefining \. on input line 6.
LaTeX Info: Redefining \% on input line 6.
) ) 
Here is how much of TeX's memory you used:
 5944 strings out of 494261
 82008 string characters out of 6161795
 155635 words of memory out of 5000000
 9136 multiletter control sequences out of 15000+600000
 9832 words of font info for 38 fonts, out of 8000000 for 9000
 398 hyphenation exceptions out of 8191
 39i,7n,32p,1144b,384s stack positions out of 5000i,500n,10000p,200000b,80000s
</usr/share/texlive/texmf-dist/fonts/type1/public/amsfonts/cm/cmbx10.pfb></u
sr/share/texlive/texmf-dist/fonts/type1/public/amsfonts/cm/cmbx12.pfb></usr/sha
re/texlive/texmf-dist/fonts/type1/public/amsfonts/cm/cmcsc10.pfb></usr/share/te
xlive/texmf-dist/fonts/type1/public/amsfonts/cm/cmmi10.pfb></usr/share/texlive/
texmf-dist/fonts/type1/public/amsfonts/cm/cmmi12.pfb></usr/share/texlive/texmf-
dist/fonts/type1/public/amsfonts/cm/cmr10.pfb></usr/share/texlive/texmf-dist/fo
nts/type1/public/amsfonts/cm/cmr12.pfb></usr/share/texlive/texmf-dist/fonts/typ
e1/public/amsfonts/cm/cmr7.pfb></usr/share/texlive/texmf-dist/fonts/type1/publi
c/amsfonts/cm/cmti10.pfb></usr/share/texlive/texmf-dist/fonts/type1/public/amsf
onts/cm/cmtt10.pfb>
Output written on tiposProps.pdf (35 pages, 6107899 bytes).
PDF statistics:
 284 PDF objects out of 1000 (max. 8388607)
 109 compressed objects within 2 object streams
 0 named destinations out of 1000 (max. 500000)
 316 words of extra memory for PDF output out of 10000 (max. 10000000)

